<?xml version="1.0" encoding="UTF-8"?>
<testng-results ignored="0" total="1" passed="1" failed="0" skipped="0">
  <reporter-output>
  </reporter-output>
  <suite started-at="2023-08-28T20:40:53 IST" name="Default suite" finished-at="2023-08-28T20:41:54 IST" duration-ms="61308">
    <groups>
    </groups>
    <test started-at="2023-08-28T20:40:53 IST" name="Default test" finished-at="2023-08-28T20:41:54 IST" duration-ms="61308">
      <class name="Practice.Broken_links">
        <test-method is-config="true" signature="setup()[pri:0, instance:Practice.Broken_links@76c3e77a]" started-at="2023-08-28T20:40:53 IST" name="setup" finished-at="2023-08-28T20:40:59 IST" duration-ms="6301" status="PASS">
          <reporter-output>
          </reporter-output>
        </test-method> <!-- setup -->
        <test-method signature="Test1()[pri:0, instance:Practice.Broken_links@76c3e77a]" started-at="2023-08-28T20:40:59 IST" name="Test1" finished-at="2023-08-28T20:41:54 IST" duration-ms="54884" status="PASS">
          <reporter-output>
          </reporter-output>
        </test-method> <!-- Test1 -->
      </class> <!-- Practice.Broken_links -->
    </test> <!-- Default test -->
  </suite> <!-- Default suite -->
</testng-results>
